[2015.10.29-16.21.06:224][  0]Log file open, 10/29/15 11:21:06
[2015.10.29-16.21.06:235][  0]LogInit:Display: Running engine for game: ElevatorProject
[2015.10.29-16.21.06:235][  0]LogInit:Display: RandInit(36362944) SRandInit(36362944).
[2015.10.29-16.21.06:235][  0]LogTaskGraph: Started task graph with 4 named threads and 5 total threads.
[2015.10.29-16.21.06:235][  0]LogStats: Stats thread started
[2015.10.29-16.21.06:235][  0]LogInit: Version: 4.8.3-2634408+++depot+UE4-Releases+4.8
[2015.10.29-16.21.06:235][  0]LogInit: API Version: 2579680
[2015.10.29-16.21.06:246][  0]LogInit: Compiled (64-bit): Jul 27 2015 16:24:33
[2015.10.29-16.21.06:246][  0]LogInit: Compiled with Visual C++: 18.00.21005.01
[2015.10.29-16.21.06:246][  0]LogInit: Build Configuration: Development
[2015.10.29-16.21.06:246][  0]LogInit: Branch Name: ++depot+UE4-Releases+4.8
[2015.10.29-16.21.06:246][  0]LogInit: Command line:  
[2015.10.29-16.21.06:246][  0]LogInit: Base directory: C:/Program Files/Epic Games/4.8/Engine/Binaries/Win64/
[2015.10.29-16.21.06:246][  0]LogInit: Rocket: 1
[2015.10.29-16.21.06:316][  0]LogInit: Using libcurl 7.41.0
[2015.10.29-16.21.06:316][  0]LogInit:  - built for x86_64-pc-win32
[2015.10.29-16.21.06:316][  0]LogInit:  - supports SSL with WinSSL
[2015.10.29-16.21.06:316][  0]LogInit:  - other features:
[2015.10.29-16.21.06:316][  0]LogInit:      CURL_VERSION_SSL
[2015.10.29-16.21.06:316][  0]LogInit:      CURL_VERSION_IPV6
[2015.10.29-16.21.06:316][  0]LogInit:      CURL_VERSION_ASYNCHDNS
[2015.10.29-16.21.06:316][  0]LogInit:      CURL_VERSION_LARGEFILE
[2015.10.29-16.21.06:316][  0]LogInit:      CURL_VERSION_IDN
[2015.10.29-16.21.06:318][  0]LogInit:  CurlRequestOptions (configurable via config and command line):
[2015.10.29-16.21.06:318][  0]LogInit:  - bVerifyPeer = true  - Libcurl will verify peer certificate
[2015.10.29-16.21.06:318][  0]LogInit:  - bUseHttpProxy = false  - Libcurl will NOT use HTTP proxy
[2015.10.29-16.21.06:318][  0]LogInit:  - bDontReuseConnections = false  - Libcurl will reuse connections
[2015.10.29-16.21.06:318][  0]LogInit:  - CertBundlePath = nullptr  - Libcurl will use whatever was configured at build time.
[2015.10.29-16.21.06:363][  0]LogOnline:Warning: No default platform service specified for OnlineSubsystem
[2015.10.29-16.21.06:528][  0]LogInit: Presizing for 0 objects not considered by GC, pre-allocating 0 bytes.
[2015.10.29-16.21.06:755][  0]LogInit: Object subsystem initialized
[2015.10.29-16.21.06:879][  0]LogConsoleResponse:Warning: Skipping Unknown console variable: 'TranslucentSortAxis = (X=0.000000,Y=-1.000000,Z=0.000000)'
[2015.10.29-16.21.06:879][  0]LogConsoleResponse:Warning:   Found in ini file 'C:/Users/Aaron/Documents/Unreal Projects/ElevatorProject/Saved/Config/Windows/Engine.ini', in section '[/Script/Engine.RendererSettings]'
[2015.10.29-16.21.06:879][  0]LogConsoleResponse:Warning: Skipping Unknown console variable: 'UIScaleRule = ShortestSide'
[2015.10.29-16.21.06:879][  0]LogConsoleResponse:Warning:   Found in ini file 'C:/Users/Aaron/Documents/Unreal Projects/ElevatorProject/Saved/Config/Windows/Engine.ini', in section '[/Script/Engine.RendererSettings]'
[2015.10.29-16.21.06:879][  0]LogConsoleResponse:Warning: Skipping Unknown console variable: 'UIScaleCurve = (EditorCurveData=(Keys=),ExternalCurve=None)'
[2015.10.29-16.21.06:879][  0]LogConsoleResponse:Warning:   Found in ini file 'C:/Users/Aaron/Documents/Unreal Projects/ElevatorProject/Saved/Config/Windows/Engine.ini', in section '[/Script/Engine.RendererSettings]'
[2015.10.29-16.21.06:947][  0]LogInit: Selected Device Profile: [Windows]
[2015.10.29-16.21.06:948][  0]LogInit: Applying CVar settings loaded from the selected device profile: [Windows]
[2015.10.29-16.21.07:084][  0]LogInit: Computer: WIN-8523UDER448
[2015.10.29-16.21.07:084][  0]LogInit: User: Aaron
[2015.10.29-16.21.07:084][  0]LogInit: CPU Page size=4096, Cores=2
[2015.10.29-16.21.07:084][  0]LogInit: High frequency timer resolution =2.630760 MHz
[2015.10.29-16.21.07:089][  0]LogMemory: Memory total: Physical=4.0GB (4GB approx)
[2015.10.29-16.21.07:103][  0]LogMemory: Platform Memory Stats for Windows
[2015.10.29-16.21.07:103][  0]LogMemory: Process Physical Memory: 50.79 MB used, 50.79 MB peak
[2015.10.29-16.21.07:103][  0]LogMemory: Process Virtual Memory: 22.34 MB used, 23.25 MB peak
[2015.10.29-16.21.07:103][  0]LogMemory: Physical Memory: 2360.55 MB used, 4077.20 MB total
[2015.10.29-16.21.07:103][  0]LogMemory: Virtual Memory: 308.95 MB used, 134217728.00 MB total
[2015.10.29-16.21.08:256][  0]LogTextLocalizationManager: The requested culture ('en_US') has no localization data; parent culture's ('en') localization data will be used.
[2015.10.29-16.21.08:874][  0]LogTextLocalizationManager:Warning: Loaded localization resources contain conflicting entries for (Namespace:ContentBrowser, Key:ImportAssetToolTip):
Localization Resource: (C:/Program Files/Epic Games/4.8/Engine/Content/Localization/Editor/en/Editor.locres) Source String Hash: (-630476809) Localized String: (Import to {0}...)
Localization Resource: (C:/Program Files/Epic Games/4.8/Engine/Content/Localization/Editor/en/Editor.locres) Source String Hash: (1271782899) Localized String: (Imports an asset from file to this folder.)
[2015.10.29-16.21.10:003][  0]LogD3D11RHI: Found D3D11 adapter 0: NVIDIA GeForce GTS 250 (Feature Level 10_0)
[2015.10.29-16.21.10:003][  0]LogD3D11RHI: Adapter has 488MB of dedicated video memory, 0MB of dedicated system memory, and 2038MB of shared system memory, 2 output[s]
[2015.10.29-16.21.10:005][  0]LogD3D11RHI: Found D3D11 adapter 1: Microsoft Basic Render Driver (Feature Level 11_0)
[2015.10.29-16.21.10:005][  0]LogD3D11RHI: Adapter has 0MB of dedicated video memory, 0MB of dedicated system memory, and 2038MB of shared system memory, 0 output[s]
[2015.10.29-16.21.10:005][  0]LogD3D11RHI: Chosen D3D11 Adapter Id = 0
[2015.10.29-16.21.10:011][  0]LogD3D11RHI: InitD3DDevice
[2015.10.29-16.21.10:011][  0]LogD3D11RHI: !Direct3DDevice
[2015.10.29-16.21.10:012][  0]LogRHI: Texture pool is 341 MB (70% of 488 MB)
[2015.10.29-16.21.10:051][  0]LogD3D11RHI: Async texture creation enabled
[2015.10.29-16.21.10:375][  0]LogShaderCompilers:Display: Using Local Shader Compiler.
[2015.10.29-16.21.14:704][  0]LogTemp:Display: Loaded TP DesktopTargetPlatform
[2015.10.29-16.21.14:734][  0]LogTemp:Display: Loaded TP WindowsClientTargetPlatform
[2015.10.29-16.21.14:766][  0]LogTemp:Display: Loaded TP WindowsNoEditorTargetPlatform
[2015.10.29-16.21.14:797][  0]LogTemp:Display: Loaded TP WindowsServerTargetPlatform
[2015.10.29-16.21.14:826][  0]LogTemp:Display: Loaded TP WindowsTargetPlatform
[2015.10.29-16.21.14:855][  0]LogTemp:Display: Loaded TP AndroidTargetPlatform
[2015.10.29-16.21.14:883][  0]LogTemp:Display: Loaded TP Android_ASTCTargetPlatform
[2015.10.29-16.21.14:921][  0]LogTemp:Display: Loaded TP Android_ATCTargetPlatform
[2015.10.29-16.21.14:949][  0]LogTemp:Display: Loaded TP Android_DXTTargetPlatform
[2015.10.29-16.21.14:975][  0]LogTemp:Display: Loaded TP Android_ETC1TargetPlatform
[2015.10.29-16.21.15:006][  0]LogTemp:Display: Loaded TP Android_ETC2TargetPlatform
[2015.10.29-16.21.15:026][  0]LogTemp:Display: Loaded TP Android_PVRTCTargetPlatform
[2015.10.29-16.21.15:135][  0]LogTemp:Display: Loaded TP IOSTargetPlatform
[2015.10.29-16.21.15:181][  0]LogTemp:Display: Loaded TP LinuxNoEditorTargetPlatform
[2015.10.29-16.21.15:203][  0]LogTemp:Display: Loaded TP LinuxServerTargetPlatform
[2015.10.29-16.21.15:234][  0]LogTemp:Display: Loaded TP LinuxTargetPlatform
[2015.10.29-16.21.15:234][  0]LogTargetPlatformManager:Display: Building Assets For Windows
[2015.10.29-16.21.15:973][  0]LogDerivedDataCache:Display: Max Cache Size: 512 MB
[2015.10.29-16.21.16:454][  0]LogDerivedDataCache: Loaded boot cache 0.48s 48MB C:/Users/Aaron/AppData/Local/UnrealEngine/4.8/DerivedDataCache/Boot.ddc.
[2015.10.29-16.21.16:454][  0]LogDerivedDataCache:Display: Loaded Boot cache: C:/Users/Aaron/AppData/Local/UnrealEngine/4.8/DerivedDataCache/Boot.ddc
[2015.10.29-16.21.16:454][  0]LogDerivedDataCache: FDerivedDataBackendGraph:  Pak pak cache file ../../../../../../Users/Aaron/Documents/Unreal Projects/ElevatorProject/DerivedDataCache/DDC.ddp not found, will not use a pak cache.
[2015.10.29-16.21.16:455][  0]LogDerivedDataCache: Unable to find inner node Pak for hierarchical cache Hierarchy.
[2015.10.29-16.21.16:455][  0]LogDerivedDataCache: FDerivedDataBackendGraph:  CompressedPak pak cache file ../../../../../../Users/Aaron/Documents/Unreal Projects/ElevatorProject/DerivedDataCache/Compressed.ddp not found, will not use a pak cache.
[2015.10.29-16.21.16:455][  0]LogDerivedDataCache: Unable to find inner node CompressedPak for hierarchical cache Hierarchy.
[2015.10.29-16.21.16:739][  0]LogDerivedDataCache:Display: Pak cache opened for reading ../../../Engine/DerivedDataCache/Compressed.ddp.
[2015.10.29-16.21.16:752][  0]LogDerivedDataCache: Using Local data cache path C:/Users/Aaron/AppData/Local/UnrealEngine/Common/DerivedDataCache: Writable
[2015.10.29-16.21.22:876][  0]LogInit: Selected Device Profile: [Windows]
[2015.10.29-16.21.24:009][  0]ImportText (ComponentSweepMultiTests): Missing closing parenthesis: (RootShapeAsset="/Engine/BasicShapes/Cube.Cube",ShapeType="TriggerCapsule",HitResult=(Time=0.50,Location=(X=-100.000015,Y=0.0,Z=100.000015),ImpactPoint=(X=-50.0,Y=0.0,Z=50.0),Normal=(X=-1.0,Y=-0.0,Z=0.0),ImpactNormal=(X=0.0,Y=0.0,Z=1.0),TraceStart=(X=-200.0,Y=0.0,Z=200.0),TraceEnd=(X=0.0,Y=0.0,Z=0.0))
[2015.10.29-16.21.24:010][  0]ImportText (LineTraceSingleByChannelTests): Missing closing parenthesis: (RootShapeAsset="/Engine/BasicShapes/Cube.Cube",HitResult=(Time=0.50,Location=(X=-100.000015,Y=0.0,Z=100.000015),ImpactPoint=(X=-50.0,Y=0.0,Z=50.0),Normal=(X=-1.0,Y=-0.0,Z=0.0),ImpactNormal=(X=0.0,Y=0.0,Z=1.0),TraceStart=(X=-200.0,Y=0.0,Z=200.0),TraceEnd=(X=0.0,Y=0.0,Z=0.0))
[2015.10.29-16.21.24:305][  0]LogMeshUtilities: No automatic mesh reduction module available
[2015.10.29-16.21.24:305][  0]LogMeshUtilities: No automatic mesh merging module available
[2015.10.29-16.21.28:078][  0]LogInit: WinSock: version 1.1 (2.2), MaxSocks=32767, MaxUdp=65467
[2015.10.29-16.21.40:955][  0]UdpMessaging: Initializing bridge on interface 0.0.0.0:0 to multicast group 230.0.0.1:6666.
[2015.10.29-16.21.43:152][  0]SourceControl: Info Source control is disabled
[2015.10.29-16.21.43:169][  0]SourceControl: Info Source control is disabled
[2015.10.29-16.21.43:230][  0]SourceControl: Info Source control is disabled
[2015.10.29-16.21.43:274][  0]SourceControl: Info Source control is disabled
[2015.10.29-16.21.44:428][  0]LogObj: 26273 objects as part of root set at end of initial load.
[2015.10.29-16.21.44:428][  0]LogUObjectAllocator: 5409248 out of 0 bytes used by permanent object pool.
[2015.10.29-16.21.45:235][  0]LogEngine: Initializing Engine...
[2015.10.29-16.21.45:268][  0]LogHMD: Can't find Oculus library dev build: is proper Runtime installed? Version: 0.6.0.0
[2015.10.29-16.21.45:332][  0]LogHMD:Warning: SteamVR failed to initialize.  Error: 110
[2015.10.29-16.21.46:578][  0]LogAIModule: Creating AISystem for world NewWorld
[2015.10.29-16.21.46:803][  0]LogInit: XAudio2 using 'Speakers (Realtek High Definition Audio)' : 2 channels at 48 kHz using 32 bits per sample (channel mask 0x3)
[2015.10.29-16.21.47:186][  0]LogInit: FAudioDevice initialized.
[2015.10.29-16.21.47:284][  0]LogDerivedDataCache: Saved boot cache 0.10s 48MB C:/Users/Aaron/AppData/Local/UnrealEngine/4.8/DerivedDataCache/Boot.ddc.
[2015.10.29-16.21.47:321][  0]LogInit: Texture streaming: Disabled
[2015.10.29-16.21.47:406][  0]LogAnalytics: Creating configured Analytics provider AnalyticsET
[2015.10.29-16.21.47:406][  0]LogAnalytics: [UEEditor.Rocket.Release] APIServer = http://et2.epicgames.com/ET2/. AppVersion = 4.8.3-2634408+++depot+UE4-Releases+4.8
[2015.10.29-16.21.47:406][  0]LogAnalytics: [UEEditor.Rocket.Release] SetUserId d9ab8a3644f501ea77281998d1e62d85|b371cfd5f1e14847ad746033d83e9e07|d79b260c-2e00-4920-bfaa-46e9a6a7a5c3
[2015.10.29-16.21.47:412][  0]LogAnalytics: [UEEditor.Rocket.Release] AnalyticsET::StartSession
[2015.10.29-16.21.47:787][  0]LogInit: Transaction tracking system initialized
[2015.10.29-16.21.50:363][  0]BlueprintLog: New page: Editor Load
[2015.10.29-16.21.50:458][  0]LogAssetRegistry: FAssetRegistry took 0.0125 seconds to start up
[2015.10.29-16.21.50:470][  0]LogDirectoryWatcher:Warning: Failed to begin reading directory changes for ../../../Engine/Plugins/Experimental/CharacterAI/Content/. Error: 0
[2015.10.29-16.22.04:146][  0]LogConsoleManager:Warning: Console variable 'r.VSync' wasn't set ('GameSetting' has a lower priority than 'SystemSettingsIni')
[2015.10.29-16.22.04:156][  0]LogConsoleResponse:Display: 
[2015.10.29-16.22.07:930][  0]LogCook:Display: Done creating registry. It took  0.00s.
[2015.10.29-16.22.10:188][  0]SourceControl: Info Source control is disabled
[2015.10.29-16.22.10:413][  0]Cmd: MAP LOAD FILE="../../../../../../Users/Aaron/Documents/Unreal Projects/ElevatorProject/Content/FirstPersonBP/Maps/ElevatorLevel.umap" TEMPLATE=0 SHOWPROGRESS=1 FEATURELEVEL=2
[2015.10.29-16.22.10:503][  0]LightingResults: New page: Lighting Build
[2015.10.29-16.22.10:956][  0]MapCheck: New page: Map Check
[2015.10.29-16.22.10:956][  0]LightingResults: New page: Lighting Build
[2015.10.29-16.22.11:575][  0]LogParticles: Destroying 0 GPU particle simulations for FXSystem 0x0000006176416F20
[2015.10.29-16.22.14:795][  0]LogBlueprint:Warning: [compiler CallButton] Warning 'Item' is already a 'First Person Character', you don't need  Cast To FirstPersonCharacter .
[2015.10.29-16.22.14:834][  0]LogBlueprint:Warning: [compiler CallButton] Warning [0072.05] Compile of CallButton successful, but with 1 Warning(s) [in 86 ms]
[2015.10.29-16.22.14:835][  0]LogBlueprint:Warning: [compiler CallButton] Warning [0072.05] Compile of CallButton successful, but with 2 Warning(s) [in 0 ms]
[2015.10.29-16.22.14:835][  0]LogBlueprint:Warning: [compiler CallButton] Warning [0072.05] Compile of CallButton successful, but with 3 Warning(s) [in 0 ms]
[2015.10.29-16.22.14:863][  0]LogBlueprint:Warning: [compiler CallButton] Warning 'Item' is already a 'First Person Character', you don't need  Cast To FirstPersonCharacter .
[2015.10.29-16.22.14:867][  0]LogBlueprint:Warning: [compiler CallButton] Warning [0072.08] Compile of CallButton successful, but with 1 Warning(s) [in 24 ms]
[2015.10.29-16.22.14:867][  0]LogBlueprint:Warning: [compiler CallButton] Warning [0072.08] Compile of CallButton successful, but with 2 Warning(s) [in 0 ms]
[2015.10.29-16.22.15:334][  0]LogBlueprint:Warning: [compiler Menu] Warning 'Item' is already a 'First Person Character', you don't need  Cast To FirstPersonCharacter .
[2015.10.29-16.22.15:337][  0]LogBlueprint:Warning: [compiler Menu] Warning [0072.55] Compile of Menu successful, but with 1 Warning(s) [in 30 ms]
[2015.10.29-16.22.15:337][  0]LogBlueprint:Warning: [compiler Menu] Warning [0072.55] Compile of Menu successful, but with 2 Warning(s) [in 0 ms]
[2015.10.29-16.22.15:337][  0]LogBlueprint:Warning: [compiler Menu] Warning [0072.55] Compile of Menu successful, but with 3 Warning(s) [in 0 ms]
[2015.10.29-16.22.15:374][  0]LogBlueprint:Warning: [compiler Menu] Warning 'Item' is already a 'First Person Character', you don't need  Cast To FirstPersonCharacter .
[2015.10.29-16.22.15:378][  0]LogBlueprint:Warning: [compiler Menu] Warning [0072.59] Compile of Menu successful, but with 1 Warning(s) [in 29 ms]
[2015.10.29-16.22.15:378][  0]LogBlueprint:Warning: [compiler Menu] Warning [0072.59] Compile of Menu successful, but with 2 Warning(s) [in 0 ms]
[2015.10.29-16.22.15:891][  0]LogBlueprint:Warning: [compiler ElevatorLevel] Warning 'Item' is already a 'First Person Character', you don't need  Cast To FirstPersonCharacter .
[2015.10.29-16.22.15:954][  0]LogBlueprint:Warning: [compiler ElevatorLevel] Warning [0073.17] Compile of ElevatorLevel successful, but with 1 Warning(s) [in 143 ms]
[2015.10.29-16.22.15:979][  0]LogBlueprint:Warning: [compiler ElevatorLevel] Warning [0073.19] Compile of ElevatorLevel successful, but with 2 Warning(s) [in 0 ms]
[2015.10.29-16.22.15:979][  0]LogBlueprint:Warning: [compiler ElevatorLevel] Warning [0073.19] Compile of ElevatorLevel successful, but with 3 Warning(s) [in 0 ms]
[2015.10.29-16.22.16:070][  0]LogBlueprint:Warning: [compiler ElevatorLevel] Warning 'Item' is already a 'First Person Character', you don't need  Cast To FirstPersonCharacter .
[2015.10.29-16.22.16:079][  0]LogBlueprint:Warning: [compiler ElevatorLevel] Warning [0073.29] Compile of ElevatorLevel successful, but with 1 Warning(s) [in 72 ms]
[2015.10.29-16.22.16:080][  0]LogBlueprint:Warning: [compiler ElevatorLevel] Warning [0073.29] Compile of ElevatorLevel successful, but with 2 Warning(s) [in 0 ms]
[2015.10.29-16.22.26:044][  0]LogAudioDerivedData:Display: Building compressed audio format OGG wave 186104__marcel-farres__elevator...
[2015.10.29-16.22.26:816][  0]LogAudioDerivedData:Display: Building compressed audio format OGG wave 202909__phil25__flat-button-clicks...
[2015.10.29-16.22.27:675][  0]LogTexture:Display: Building textures: HQ_Lightmap0_1 (AutoDXT)
[2015.10.29-16.22.27:899][  0]LogTexture:Display: Building textures: HQ_Lightmap0_2 (AutoDXT)
[2015.10.29-16.22.27:957][  0]LogTexture:Display: Building textures: LQ_Lightmap_0_1 (DXT1)
[2015.10.29-16.22.28:022][  0]LogTexture:Display: Building textures: LQ_Lightmap_0_2 (DXT1)
[2015.10.29-16.22.28:055][  0]LogTexture:Display: Building textures: ShadowMapTexture2D_2 (BGRA8)
[2015.10.29-16.22.28:069][  0]LogTexture:Display: Building textures: ShadowMapTexture2D_3 (BGRA8)
[2015.10.29-16.22.28:479][  0]LogAIModule: Creating AISystem for world ElevatorLevel
[2015.10.29-16.22.30:312][  0]LogEditorServer: Finished looking for orphan Actors (0.008 secs)
[2015.10.29-16.22.30:546][  0]Cmd: MAP CHECKDEP NOCLEARLOG
[2015.10.29-16.22.30:679][  0]MapCheck: Info Map check complete: 0 Error(s), 0 Warning(s), took 132.218ms to complete.
[2015.10.29-16.22.30:694][  0]LogFileHelpers: Loading map 'ElevatorLevel' took 20.412
[2015.10.29-16.22.34:116][  0]LogCollectionManager: Loaded 0 collections in 0.004881 seconds
[2015.10.29-16.22.34:142][  0]LogContentBrowser: Native class hierarchy populated in 0.0248 seconds. Added 1792 classes and 301 folders.
[2015.10.29-16.22.34:469][  0]LogContentBrowser: Native class hierarchy updated for 'WidgetCarousel' in 0.0004 seconds. Added 0 classes and 0 folders.
[2015.10.29-16.22.34:921][  0]LogContentBrowser: Native class hierarchy updated for 'AddContentDialog' in 0.0004 seconds. Added 0 classes and 0 folders.
[2015.10.29-16.22.35:012][  0]LogContentBrowser: Native class hierarchy updated for 'SceneOutliner' in 0.0005 seconds. Added 1 classes and 2 folders.
[2015.10.29-16.22.35:463][  0]LogCrashTracker: Crashtracker disabled due to settings.
[2015.10.29-16.22.35:545][  0]LogD3D11RHI: InitD3DDevice
[2015.10.29-16.22.35:713][  0]LogUObjectGlobals:Warning: Failed to find object 'Class None.'
[2015.10.29-16.22.35:794][  0]LogLoad: Full Startup: 93.01 seconds (BP compile: 4.04 seconds)
[2015.10.29-16.22.36:735][  0]LogContentStreaming: Texture pool size is 0.000000MB
[2015.10.29-16.22.36:906][  0]LogContentStreaming: Texture pool size now 400 MB
[2015.10.29-16.22.37:650][  0]LogRenderer: Reallocating scene render targets to support 1208x576 (Frame:2).
[2015.10.29-16.22.39:123][  2]LogD3D11RHI: InitD3DDevice
[2015.10.29-16.22.42:822][ 13]LogAssetRegistry: Asset discovery search completed in 52.3750 seconds
[2015.10.29-16.22.44:528][ 18]LogLinker:Warning: Can't resolve asset name
[2015.10.29-16.22.45:817][158]LogD3D11RHI: InitD3DDevice
[2015.10.29-16.23.22:054][459]Cmd: SELECT NONE
[2015.10.29-16.23.40:919][515]LogD3D11RHI: InitD3DDevice
[2015.10.29-16.23.41:327][548]LogD3D11RHI: InitD3DDevice
[2015.10.29-16.23.42:599][638]LogD3D11RHI: InitD3DDevice
[2015.10.29-16.23.42:731][638]LogD3D11RHI: InitD3DDevice
[2015.10.29-16.23.43:320][638]LogLinker:Warning: Asset '../../../Engine/Content/ArtTools/RenderToTexture/Macros/RenderToTextureMacros.uasset' has been saved with empty engine version. The asset will be loaded but may be incompatible.
[2015.10.29-16.23.43:421][638]LogLinker:Warning: Asset '../../../Engine/Content/ArtTools/RenderToTexture/Enums/RenderToTexture_Enum.uasset' has been saved with empty engine version. The asset will be loaded but may be incompatible.
[2015.10.29-16.23.54:121][815]BlueprintLog: New page: Pre-PIE auto-recompile
[2015.10.29-16.23.54:323][815]LogPlayLevel: [PIE] Compiling ElevatorLevel before PIE...
[2015.10.29-16.23.54:527][815]LogBlueprint:Warning: [compiler ElevatorLevel] Warning 'Item' is already a 'First Person Character', you don't need  Cast To FirstPersonCharacter .
[2015.10.29-16.23.54:535][815]LogBlueprint:Warning: [compiler ElevatorLevel] Warning [0171.75] Compile of ElevatorLevel successful, but with 1 Warning(s) [in 180 ms]
[2015.10.29-16.23.54:667][815]LogBlueprint:Warning: [compiler ElevatorLevel] Warning [0171.88] Compile of ElevatorLevel successful, but with 2 Warning(s) [in 0 ms]
[2015.10.29-16.23.54:667][815]LogBlueprint:Warning: [compiler ElevatorLevel] Warning [0171.88] Compile of ElevatorLevel successful, but with 3 Warning(s) [in 0 ms]
[2015.10.29-16.23.55:105][815]LogBlueprint:Warning: [compiler ElevatorLevel] Warning [0172.32] Compile of ElevatorLevel successful, but with 4 Warning(s) [in 426 ms]
[2015.10.29-16.23.55:123][815]LogBlueprint:Warning: [compiler ElevatorLevel] Warning [0172.34] Compile of ElevatorLevel successful, but with 5 Warning(s) [in 17 ms]
[2015.10.29-16.23.55:123][815]LogBlueprint:Warning: [compiler ElevatorLevel] Warning [0172.34] Compile of ElevatorLevel successful, but with 6 Warning(s) [in 0 ms]
[2015.10.29-16.23.55:147][815]LogActorComponent: UnregisterComponent: (/Engine/Transient.ProjectileMovementComponent_40__A6522401) Not registered. Aborting.
[2015.10.29-16.23.55:813][815]LogPlayLevel: PIE:  Blueprint regeneration took 1729 ms (1 blueprints)
[2015.10.29-16.23.55:980][815]PIE: New page: PIE session: ElevatorLevel (Oct 29, 2015, 6:23:55 AM)
[2015.10.29-16.23.55:984][815]LogPlayLevel: Creating play world package: /Game/FirstPersonBP/Maps/UEDPIE_0_ElevatorLevel
[2015.10.29-16.23.56:125][815]LogPlayLevel: PIE: StaticDuplicateObject took: (0.141496s)
[2015.10.29-16.23.56:126][815]LogAIModule: Creating AISystem for world ElevatorLevel
[2015.10.29-16.23.56:127][815]LogPlayLevel: PIE: World Init took: (0.001655s)
[2015.10.29-16.23.56:183][815]LogPlayLevel: PIE: Created PIE world by copying editor world from /Game/FirstPersonBP/Maps/ElevatorLevel.ElevatorLevel to /Game/FirstPersonBP/Maps/UEDPIE_0_ElevatorLevel.ElevatorLevel (0.198974s)
[2015.10.29-16.23.56:273][815]LogInit: XAudio2 using 'Speakers (Realtek High Definition Audio)' : 2 channels at 48 kHz using 32 bits per sample (channel mask 0x3)
[2015.10.29-16.23.56:284][815]LogInit: FAudioDevice initialized.
[2015.10.29-16.23.56:566][815]LogWorld: Game class is 'FirstPersonGameMode_C'
[2015.10.29-16.23.56:811][815]LogWorld: Bringing World /Game/FirstPersonBP/Maps/UEDPIE_0_ElevatorLevel.ElevatorLevel up for play (max tick rate 0) at 2015.10.29-11.23.56
[2015.10.29-16.23.56:811][815]LogActor:Warning: GameSession /Game/FirstPersonBP/Maps/UEDPIE_0_ElevatorLevel.ElevatorLevel:PersistentLevel.GameSession_0 has natively added scene component(s), but none of them were set as the actor's RootComponent - picking one arbitrarily
[2015.10.29-16.23.56:820][815]LogActor:Warning: GameNetworkManager /Game/FirstPersonBP/Maps/UEDPIE_0_ElevatorLevel.ElevatorLevel:PersistentLevel.GameNetworkManager_0 has natively added scene component(s), but none of them were set as the actor's RootComponent - picking one arbitrarily
[2015.10.29-16.23.56:863][815]LogWorld: Bringing up level for play took: 0.083127
[2015.10.29-16.23.57:146][815]PIE: Info Play in editor start time for /Game/FirstPersonBP/Maps/UEDPIE_0_ElevatorLevel 3.02
[2015.10.29-16.26.05:524][696]LogBlueprintUserMessages: You've called the elevator!
[2015.10.29-16.26.07:989][765]LogBlueprintUserMessages: Press E
[2015.10.29-16.26.18:732][100]LogBlueprintUserMessages: Floor 3 Button Pressed
[2015.10.29-16.26.44:767][896]LogBlueprintUserMessages: You've called the elevator!
[2015.10.29-16.27.00:265][373]LogBlueprintUserMessages: Floor 3 Button Pressed
[2015.10.29-16.27.12:435][747]LogBlueprintUserMessages: Floor 2 Button Pressed
[2015.10.29-16.27.21:138][ 10]LogBlueprintUserMessages: Floor 1 Button Pressed
[2015.10.29-16.27.23:882][ 92]LogBlueprintUserMessages: Press E
[2015.10.29-16.27.24:694][117]LogBlueprintUserMessages: Press E
[2015.10.29-16.27.54:067][ 17]LogParticles: Destroying 0 GPU particle simulations for FXSystem 0x000000610A19A5C0
[2015.10.29-19.31.33:045][928]LogD3D11RHI: InitD3DDevice
[2015.10.29-19.31.57:192][418]LogD3D11RHI: InitD3DDevice
[2015.10.29-19.32.22:409][427]LogD3D11RHI: InitD3DDevice
[2015.10.29-19.32.23:918][506]LogD3D11RHI: InitD3DDevice
[2015.10.29-19.32.44:668][634]LogD3D11RHI: InitD3DDevice
[2015.10.29-19.32.46:467][731]LogD3D11RHI: InitD3DDevice
[2015.10.29-19.32.59:754][627]LogD3D11RHI: InitD3DDevice
[2015.10.29-19.33.00:611][674]LogD3D11RHI: InitD3DDevice
[2015.10.29-19.33.09:355][295]LogD3D11RHI: InitD3DDevice
[2015.10.29-19.33.24:113][460]LogD3D11RHI: InitD3DDevice
[2015.10.29-19.33.26:707][642]LogD3D11RHI: InitD3DDevice
[2015.10.29-19.33.52:103][375]LogD3D11RHI: InitD3DDevice
[2015.10.29-19.34.05:085][146]LogD3D11RHI: InitD3DDevice
[2015.10.29-19.34.07:126][270]LogD3D11RHI: InitD3DDevice
[2015.10.29-19.34.35:679][986]LogD3D11RHI: InitD3DDevice
[2015.10.29-19.34.36:714][ 38]LogD3D11RHI: InitD3DDevice
[2015.10.29-19.34.56:086][294]LogD3D11RHI: InitD3DDevice
[2015.10.29-19.34.57:658][383]LogD3D11RHI: InitD3DDevice
[2015.10.29-19.35.30:796][223]LogD3D11RHI: InitD3DDevice
[2015.10.29-19.35.35:613][561]LogD3D11RHI: InitD3DDevice
[2015.10.29-19.36.01:750][420]LogD3D11RHI: InitD3DDevice
[2015.10.29-19.36.10:390][446]LogD3D11RHI: InitD3DDevice
[2015.10.29-19.36.11:053][446]LogBlueprint:Warning: [compiler ElevatorLevel] Warning 'Item' is already a 'First Person Character', you don't need  Cast To FirstPersonCharacter .
[2015.10.29-19.36.11:061][446]LogBlueprint:Warning: [compiler ElevatorLevel] Warning [1708.27] Compile of ElevatorLevel successful, but with 1 Warning(s) [in 76 ms]
[2015.10.29-19.36.11:062][446]LogBlueprint:Warning: [compiler ElevatorLevel] Warning [1708.27] Compile of ElevatorLevel successful, but with 2 Warning(s) [in 0 ms]
[2015.10.29-19.36.11:062][446]LogBlueprint:Warning: [compiler ElevatorLevel] Warning [1708.27] Compile of ElevatorLevel successful, but with 3 Warning(s) [in 0 ms]
[2015.10.29-19.36.11:115][446]LogBlueprint:Warning: [compiler ElevatorLevel] Warning [1708.33] Compile of ElevatorLevel successful, but with 4 Warning(s) [in 53 ms]
[2015.10.29-19.36.11:151][446]LogBlueprint:Warning: [compiler ElevatorLevel] Warning [1708.36] Compile of ElevatorLevel successful, but with 5 Warning(s) [in 35 ms]
[2015.10.29-19.36.11:151][446]LogBlueprint:Warning: [compiler ElevatorLevel] Warning [1708.36] Compile of ElevatorLevel successful, but with 6 Warning(s) [in 0 ms]
[2015.10.29-19.36.11:577][446]LogSavePackage: Save=656.994568ms
[2015.10.29-19.36.11:577][446]LogSavePackage: Moving '../../../../../../Users/Aaron/Documents/Unreal Projects/ElevatorProject/Saved/ElevatorLevel_Auto1B0DA69CF4CCAACC996D221B48C7CD591.tmp' to '../../../../../../Users/Aaron/Documents/Unreal Projects/ElevatorProject/Saved/Autosaves/Game/FirstPersonBP/Maps/ElevatorLevel_Auto1.umap'
[2015.10.29-19.36.11:642][446]LogFileHelpers: Editor autosave (incl. sublevels) for '/Game/FirstPersonBP/Maps/ElevatorLevel' took 1.061
[2015.10.29-19.36.11:642][446]LogFileHelpers: Editor autosave (incl. sublevels) for all levels took 1.061
[2015.10.29-19.38.20:792][622]LogD3D11RHI: InitD3DDevice
[2015.10.29-19.38.40:971][528]LogD3D11RHI: InitD3DDevice
[2015.10.29-19.38.42:246][590]LogD3D11RHI: InitD3DDevice
[2015.10.29-19.38.53:581][244]LogD3D11RHI: InitD3DDevice
[2015.10.29-19.39.07:333][126]BlueprintLog: New page: Compile ElevatorLevel
[2015.10.29-19.39.07:434][126]LogBlueprint:Warning: [compiler ElevatorLevel] Warning 'Item' is already a 'First Person Character', you don't need  Cast To FirstPersonCharacter .
[2015.10.29-19.39.07:436][126]LogBlueprint:Error: [compiler ElevatorLevel] Error This blueprint (self) is not a FirstPersonCharacter_C, therefore ' Target ' must have a connection.
[2015.10.29-19.39.07:455][126]LogBlueprint:Error: [compiler ElevatorLevel] Error Variable node  Get FirstPersonCamera  uses an invalid target.  It may depend on a node that is not connected to the execution chain, and got purged.
[2015.10.29-19.39.07:455][126]LogBlueprint:Error: [compiler ElevatorLevel] Error The current value of the ' Object Types ' pin is invalid: Array inputs (like 'Object Types') must have an input wired into them (try connecting a MakeArray node).
[2015.10.29-19.39.07:759][126]LogBlueprint:Warning: [compiler ElevatorLevel] Warning [1884.97] Compile of ElevatorLevel failed. 3 Fatal Issue(s) 1 Warning(s) [in 425 ms]
[2015.10.29-19.39.07:769][126]BlueprintEditorCompileResults:Warning: Warning 'Item' is already a 'First Person Character', you don't need  Cast To FirstPersonCharacter .
[2015.10.29-19.39.07:769][126]BlueprintEditorCompileResults:Error: Error This blueprint (self) is not a FirstPersonCharacter_C, therefore ' Target ' must have a connection.
[2015.10.29-19.39.07:769][126]BlueprintEditorCompileResults:Error: Error Variable node  Get FirstPersonCamera  uses an invalid target.  It may depend on a node that is not connected to the execution chain, and got purged.
[2015.10.29-19.39.07:769][126]BlueprintEditorCompileResults:Error: Error The current value of the ' Object Types ' pin is invalid: Array inputs (like 'Object Types') must have an input wired into them (try connecting a MakeArray node).
[2015.10.29-19.39.07:769][126]BlueprintEditorCompileResults:Warning: Warning [1884.97] Compile of ElevatorLevel failed. 3 Fatal Issue(s) 1 Warning(s) [in 425 ms]
[2015.10.29-19.39.28:283][469]BlueprintLog: New page: Compile ElevatorLevel
[2015.10.29-19.39.28:371][469]LogBlueprint:Warning: [compiler ElevatorLevel] Warning 'Item' is already a 'First Person Character', you don't need  Cast To FirstPersonCharacter .
[2015.10.29-19.39.28:515][469]LogBlueprint:Warning: [compiler ElevatorLevel] Warning [1905.73] Compile of ElevatorLevel successful, but with 1 Warning(s) [in 232 ms]
[2015.10.29-19.39.28:515][469]BlueprintEditorCompileResults:Warning: Warning 'Item' is already a 'First Person Character', you don't need  Cast To FirstPersonCharacter .
[2015.10.29-19.39.28:516][469]BlueprintEditorCompileResults:Warning: Warning [1905.73] Compile of ElevatorLevel successful, but with 1 Warning(s) [in 232 ms]
[2015.10.29-19.39.38:265][125]LogD3D11RHI: InitD3DDevice
[2015.10.29-19.39.40:230][236]LogD3D11RHI: InitD3DDevice
[2015.10.29-19.39.40:940][281]LogD3D11RHI: InitD3DDevice
[2015.10.29-19.39.41:674][334]LogD3D11RHI: InitD3DDevice
[2015.10.29-19.39.55:690][ 11]LogD3D11RHI: InitD3DDevice
[2015.10.29-19.40.02:882][340]LogUObjectHash:Warning: Ambiguous search, could be K2Node_CallFunction /Game/FirstPersonBP/Blueprints/FirstPersonCharacter.FirstPersonCharacter:EventGraph.K2Node_CallFunction_2850 or K2Node_CallFunction /Game/FirstPersonBP/Maps/ElevatorLevel.ElevatorLevel:PersistentLevel.ElevatorLevel.EventGraph.K2Node_CallFunction_2850
[2015.10.29-19.40.02:882][340]LogProperty:Warning: Illegal TEXT reference to a private object in external package (EdGraphPin /Game/FirstPersonBP/Maps/ElevatorLevel.ElevatorLevel:PersistentLevel.ElevatorLevel.EventGraph.K2Node_CallFunction_2850.EdGraphPin_22566) from referencer (EdGraphPin /Game/FirstPersonBP/Blueprints/FirstPersonCharacter.FirstPersonCharacter:EventGraph.K2Node_VariableGet_1324.EdGraphPin_22564).  Import failed...
[2015.10.29-19.40.02:882][340]LogProperty:Warning: ObjectProperty /Script/Engine.EdGraphPin:LinkedTo.LinkedTo: unresolved reference to 'EdGraphPin'K2Node_CallFunction_2850.EdGraphPin_22566''
[2015.10.29-19.40.02:889][340]LogUObjectHash:Warning: Ambiguous search, could be K2Node_CallFunction /Game/FirstPersonBP/Blueprints/FirstPersonCharacter.FirstPersonCharacter:EventGraph.K2Node_CallFunction_2851 or K2Node_CallFunction /Game/FirstPersonBP/Maps/ElevatorLevel.ElevatorLevel:PersistentLevel.ElevatorLevel.EventGraph.K2Node_CallFunction_2851
[2015.10.29-19.40.02:889][340]LogProperty:Warning: Illegal TEXT reference to a private object in external package (EdGraphPin /Game/FirstPersonBP/Maps/ElevatorLevel.ElevatorLevel:PersistentLevel.ElevatorLevel.EventGraph.K2Node_CallFunction_2851.EdGraphPin_22573) from referencer (EdGraphPin /Game/FirstPersonBP/Blueprints/FirstPersonCharacter.FirstPersonCharacter:EventGraph.K2Node_CallFunction_2850.EdGraphPin_22567).  Import failed...
[2015.10.29-19.40.02:889][340]LogProperty:Warning: ObjectProperty /Script/Engine.EdGraphPin:LinkedTo.LinkedTo: unresolved reference to 'EdGraphPin'K2Node_CallFunction_2851.EdGraphPin_22573''
[2015.10.29-19.40.02:889][340]LogUObjectHash:Warning: Ambiguous search, could be K2Node_CallFunction /Game/FirstPersonBP/Maps/ElevatorLevel.ElevatorLevel:PersistentLevel.ElevatorLevel.EventGraph.K2Node_CallFunction_2852 or K2Node_CallFunction /Game/FirstPersonBP/Blueprints/FirstPersonCharacter.FirstPersonCharacter:EventGraph.K2Node_CallFunction_2852
[2015.10.29-19.40.02:889][340]LogProperty:Warning: Illegal TEXT reference to a private object in external package (EdGraphPin /Game/FirstPersonBP/Maps/ElevatorLevel.ElevatorLevel:PersistentLevel.ElevatorLevel.EventGraph.K2Node_CallFunction_2852.EdGraphPin_22580) from referencer (EdGraphPin /Game/FirstPersonBP/Blueprints/FirstPersonCharacter.FirstPersonCharacter:EventGraph.K2Node_CallFunction_2850.EdGraphPin_22567).  Import failed...
[2015.10.29-19.40.02:889][340]LogProperty:Warning: ObjectProperty /Script/Engine.EdGraphPin:LinkedTo.LinkedTo: unresolved reference to 'EdGraphPin'K2Node_CallFunction_2852.EdGraphPin_22580''
[2015.10.29-19.40.02:890][340]LogUObjectHash:Warning: Ambiguous search, could be K2Node_CommutativeAssociativeBinaryOperator /Game/FirstPersonBP/Blueprints/FirstPersonCharacter.FirstPersonCharacter:EventGraph.K2Node_CommutativeAssociativeBinaryOperator_53 or K2Node_CommutativeAssociativeBinaryOperator /Game/FirstPersonBP/Maps/ElevatorLevel.ElevatorLevel:PersistentLevel.ElevatorLevel.EventGraph.K2Node_CommutativeAssociativeBinaryOperator_53
[2015.10.29-19.40.02:890][340]LogUObjectHash:Warning: Ambiguous search, could be K2Node_CommutativeAssociativeBinaryOperator /Game/FirstPersonBP/Blueprints/FirstPersonCharacter.FirstPersonCharacter:EventGraph.K2Node_CommutativeAssociativeBinaryOperator_53 or K2Node_CommutativeAssociativeBinaryOperator /Engine/Tutorial/BlueprintTutorials/TutorialAssets/Tutorial_BP_MacroLib.Tutorial_BP_MacroLib:TutorialSamleMacro.K2Node_CommutativeAssociativeBinaryOperator_53
[2015.10.29-19.40.02:890][340]LogProperty:Warning: Illegal TEXT reference to a private object in external package (EdGraphPin /Game/FirstPersonBP/Maps/ElevatorLevel.ElevatorLevel:PersistentLevel.ElevatorLevel.EventGraph.K2Node_CommutativeAssociativeBinaryOperator_53.EdGraphPin_22600) from referencer (EdGraphPin /Game/FirstPersonBP/Blueprints/FirstPersonCharacter.FirstPersonCharacter:EventGraph.K2Node_CallFunction_2851.EdGraphPin_22575).  Import failed...
[2015.10.29-19.40.02:890][340]LogProperty:Warning: ObjectProperty /Script/Engine.EdGraphPin:LinkedTo.LinkedTo: unresolved reference to 'EdGraphPin'K2Node_CommutativeAssociativeBinaryOperator_53.EdGraphPin_22600''
[2015.10.29-19.40.02:892][340]LogUObjectHash:Warning: Ambiguous search, could be K2Node_CallFunction /Game/FirstPersonBP/Maps/ElevatorLevel.ElevatorLevel:PersistentLevel.ElevatorLevel.EventGraph.K2Node_CallFunction_2967 or K2Node_CallFunction /Game/FirstPersonBP/Blueprints/FirstPersonCharacter.FirstPersonCharacter:EventGraph.K2Node_CallFunction_2967
[2015.10.29-19.40.02:892][340]LogProperty:Warning: Illegal TEXT reference to a private object in external package (EdGraphPin /Game/FirstPersonBP/Maps/ElevatorLevel.ElevatorLevel:PersistentLevel.ElevatorLevel.EventGraph.K2Node_CallFunction_2967.EdGraphPin_22734) from referencer (EdGraphPin /Game/FirstPersonBP/Blueprints/FirstPersonCharacter.FirstPersonCharacter:EventGraph.K2Node_CallFunction_2852.EdGraphPin_22586).  Import failed...
[2015.10.29-19.40.02:892][340]LogProperty:Warning: ObjectProperty /Script/Engine.EdGraphPin:LinkedTo.LinkedTo: unresolved reference to 'EdGraphPin'K2Node_CallFunction_2967.EdGraphPin_22734''
[2015.10.29-19.40.02:893][340]LogUObjectHash:Warning: Ambiguous search, could be K2Node_CommutativeAssociativeBinaryOperator /Game/FirstPersonBP/Blueprints/FirstPersonCharacter.FirstPersonCharacter:EventGraph.K2Node_CommutativeAssociativeBinaryOperator_53 or K2Node_CommutativeAssociativeBinaryOperator /Game/FirstPersonBP/Maps/ElevatorLevel.ElevatorLevel:PersistentLevel.ElevatorLevel.EventGraph.K2Node_CommutativeAssociativeBinaryOperator_53
[2015.10.29-19.40.02:893][340]LogUObjectHash:Warning: Ambiguous search, could be K2Node_CommutativeAssociativeBinaryOperator /Game/FirstPersonBP/Blueprints/FirstPersonCharacter.FirstPersonCharacter:EventGraph.K2Node_CommutativeAssociativeBinaryOperator_53 or K2Node_CommutativeAssociativeBinaryOperator /Engine/Tutorial/BlueprintTutorials/TutorialAssets/Tutorial_BP_MacroLib.Tutorial_BP_MacroLib:TutorialSamleMacro.K2Node_CommutativeAssociativeBinaryOperator_53
[2015.10.29-19.40.02:893][340]LogProperty:Warning: Illegal TEXT reference to a private object in external package (EdGraphPin /Game/FirstPersonBP/Maps/ElevatorLevel.ElevatorLevel:PersistentLevel.ElevatorLevel.EventGraph.K2Node_CommutativeAssociativeBinaryOperator_53.EdGraphPin_22601) from referencer (EdGraphPin /Game/FirstPersonBP/Blueprints/FirstPersonCharacter.FirstPersonCharacter:EventGraph.K2Node_CallFunction_2852.EdGraphPin_22581).  Import failed...
[2015.10.29-19.40.02:893][340]LogProperty:Warning: ObjectProperty /Script/Engine.EdGraphPin:LinkedTo.LinkedTo: unresolved reference to 'EdGraphPin'K2Node_CommutativeAssociativeBinaryOperator_53.EdGraphPin_22601''
[2015.10.29-19.40.02:894][340]LogProperty:Warning: Illegal TEXT reference to a private object in external package (EdGraphPin /Game/FirstPersonBP/Maps/ElevatorLevel.ElevatorLevel:PersistentLevel.ElevatorLevel.EventGraph.K2Node_ExecutionSequence_1.EdGraphPin_22732) from referencer (EdGraphPin /Game/FirstPersonBP/Blueprints/FirstPersonCharacter.FirstPersonCharacter:EventGraph.K2Node_CallFunction_2852.EdGraphPin_22576).  Import failed...
[2015.10.29-19.40.02:894][340]LogProperty:Warning: ObjectProperty /Script/Engine.EdGraphPin:LinkedTo.LinkedTo: unresolved reference to 'EdGraphPin'K2Node_ExecutionSequence_1.EdGraphPin_22732''
[2015.10.29-19.40.02:895][340]LogUObjectHash:Warning: Ambiguous search, could be K2Node_CallFunction /Game/FirstPersonBP/Blueprints/FirstPersonCharacter.FirstPersonCharacter:EventGraph.K2Node_CallFunction_2854 or K2Node_CallFunction /Game/FirstPersonBP/Maps/ElevatorLevel.ElevatorLevel:PersistentLevel.ElevatorLevel.EventGraph.K2Node_CallFunction_2854
[2015.10.29-19.40.02:895][340]LogProperty:Warning: Illegal TEXT reference to a private object in external package (EdGraphPin /Game/FirstPersonBP/Maps/ElevatorLevel.ElevatorLevel:PersistentLevel.ElevatorLevel.EventGraph.K2Node_CallFunction_2854.EdGraphPin_22593) from referencer (EdGraphPin /Game/FirstPersonBP/Blueprints/FirstPersonCharacter.FirstPersonCharacter:EventGraph.K2Node_CallFunction_2853.EdGraphPin_22592).  Import failed...
[2015.10.29-19.40.02:895][340]LogProperty:Warning: ObjectProperty /Script/Engine.EdGraphPin:LinkedTo.LinkedTo: unresolved reference to 'EdGraphPin'K2Node_CallFunction_2854.EdGraphPin_22593''
[2015.10.29-19.40.02:896][340]LogUObjectHash:Warning: Ambiguous search, could be K2Node_CallFunction /Game/FirstPersonBP/Maps/ElevatorLevel.ElevatorLevel:PersistentLevel.ElevatorLevel.EventGraph.K2Node_CallFunction_2855 or K2Node_CallFunction /Game/FirstPersonBP/Blueprints/FirstPersonCharacter.FirstPersonCharacter:EventGraph.K2Node_CallFunction_2855
[2015.10.29-19.40.02:896][340]LogProperty:Warning: Illegal TEXT reference to a private object in external package (EdGraphPin /Game/FirstPersonBP/Maps/ElevatorLevel.ElevatorLevel:PersistentLevel.ElevatorLevel.EventGraph.K2Node_CallFunction_2855.EdGraphPin_22596) from referencer (EdGraphPin /Game/FirstPersonBP/Blueprints/FirstPersonCharacter.FirstPersonCharacter:EventGraph.K2Node_CallFunction_2854.EdGraphPin_22594).  Import failed...
[2015.10.29-19.40.02:896][340]LogProperty:Warning: ObjectProperty /Script/Engine.EdGraphPin:LinkedTo.LinkedTo: unresolved reference to 'EdGraphPin'K2Node_CallFunction_2855.EdGraphPin_22596''
[2015.10.29-19.40.02:896][340]LogUObjectHash:Warning: Ambiguous search, could be K2Node_CommutativeAssociativeBinaryOperator /Game/FirstPersonBP/Blueprints/FirstPersonCharacter.FirstPersonCharacter:EventGraph.K2Node_CommutativeAssociativeBinaryOperator_53 or K2Node_CommutativeAssociativeBinaryOperator /Game/FirstPersonBP/Maps/ElevatorLevel.ElevatorLevel:PersistentLevel.ElevatorLevel.EventGraph.K2Node_CommutativeAssociativeBinaryOperator_53
[2015.10.29-19.40.02:897][340]LogUObjectHash:Warning: Ambiguous search, could be K2Node_CommutativeAssociativeBinaryOperator /Game/FirstPersonBP/Blueprints/FirstPersonCharacter.FirstPersonCharacter:EventGraph.K2Node_CommutativeAssociativeBinaryOperator_53 or K2Node_CommutativeAssociativeBinaryOperator /Engine/Tutorial/BlueprintTutorials/TutorialAssets/Tutorial_BP_MacroLib.Tutorial_BP_MacroLib:TutorialSamleMacro.K2Node_CommutativeAssociativeBinaryOperator_53
[2015.10.29-19.40.02:897][340]LogProperty:Warning: Illegal TEXT reference to a private object in external package (EdGraphPin /Game/FirstPersonBP/Maps/ElevatorLevel.ElevatorLevel:PersistentLevel.ElevatorLevel.EventGraph.K2Node_CommutativeAssociativeBinaryOperator_53.EdGraphPin_22599) from referencer (EdGraphPin /Game/FirstPersonBP/Blueprints/FirstPersonCharacter.FirstPersonCharacter:EventGraph.K2Node_CallFunction_2855.EdGraphPin_22597).  Import failed...
[2015.10.29-19.40.02:897][340]LogProperty:Warning: ObjectProperty /Script/Engine.EdGraphPin:LinkedTo.LinkedTo: unresolved reference to 'EdGraphPin'K2Node_CommutativeAssociativeBinaryOperator_53.EdGraphPin_22599''
[2015.10.29-19.40.09:222][663]LogD3D11RHI: InitD3DDevice
[2015.10.29-19.40.20:103][203]BlueprintLog: New page: Compile FirstPersonCharacter
[2015.10.29-19.40.20:300][203]LogBlueprint:Warning: [compiler ElevatorLevel] Warning 'Item' is already a 'First Person Character', you don't need  Cast To FirstPersonCharacter .
[2015.10.29-19.40.20:344][203]LogBlueprint:Warning: [compiler CallButton] Warning 'Item' is already a 'First Person Character', you don't need  Cast To FirstPersonCharacter .
[2015.10.29-19.40.20:450][203]LogBlueprint:Warning: [compiler Menu] Warning 'Item' is already a 'First Person Character', you don't need  Cast To FirstPersonCharacter .
[2015.10.29-19.40.20:556][203]LogActorComponent: UnregisterComponent: (/Engine/Transient.ProjectileMovementComponent_40__A6522401) Not registered. Aborting.
[2015.10.29-19.40.20:669][203]BlueprintEditorCompileResults: Info [1957.88] Compile of FirstPersonCharacter successful! [in 565 ms]
[2015.10.29-19.40.23:210][327]BlueprintLog: New page: Pre-PIE auto-recompile
[2015.10.29-19.40.23:224][327]LogPlayLevel: [PIE] Compiling ElevatorLevel before PIE...
[2015.10.29-19.40.23:312][327]LogBlueprint:Warning: [compiler ElevatorLevel] Warning 'Item' is already a 'First Person Character', you don't need  Cast To FirstPersonCharacter .
[2015.10.29-19.40.23:320][327]LogBlueprint:Warning: [compiler ElevatorLevel] Warning [1960.53] Compile of ElevatorLevel successful, but with 1 Warning(s) [in 64 ms]
[2015.10.29-19.40.23:320][327]LogBlueprint:Warning: [compiler ElevatorLevel] Warning [1960.53] Compile of ElevatorLevel successful, but with 2 Warning(s) [in 0 ms]
[2015.10.29-19.40.23:320][327]LogBlueprint:Warning: [compiler ElevatorLevel] Warning [1960.53] Compile of ElevatorLevel successful, but with 3 Warning(s) [in 0 ms]
[2015.10.29-19.40.23:369][327]LogBlueprint:Warning: [compiler ElevatorLevel] Warning [1960.58] Compile of ElevatorLevel successful, but with 4 Warning(s) [in 48 ms]
[2015.10.29-19.40.23:382][327]LogBlueprint:Warning: [compiler ElevatorLevel] Warning [1960.59] Compile of ElevatorLevel successful, but with 5 Warning(s) [in 12 ms]
[2015.10.29-19.40.23:382][327]LogBlueprint:Warning: [compiler ElevatorLevel] Warning [1960.59] Compile of ElevatorLevel successful, but with 6 Warning(s) [in 0 ms]
[2015.10.29-19.40.23:454][327]LogPlayLevel: PIE:  Blueprint regeneration took 244 ms (1 blueprints)
[2015.10.29-19.40.23:454][327]PIE: New page: PIE session: ElevatorLevel (Oct 29, 2015, 9:40:23 AM)
[2015.10.29-19.40.23:455][327]LogPlayLevel: Creating play world package: /Game/FirstPersonBP/Maps/UEDPIE_0_ElevatorLevel
[2015.10.29-19.40.23:624][327]LogPlayLevel: PIE: StaticDuplicateObject took: (0.169125s)
[2015.10.29-19.40.23:625][327]LogAIModule: Creating AISystem for world ElevatorLevel
[2015.10.29-19.40.23:627][327]LogPlayLevel: PIE: World Init took: (0.002505s)
[2015.10.29-19.40.23:627][327]LogPlayLevel: PIE: Created PIE world by copying editor world from /Game/FirstPersonBP/Maps/ElevatorLevel.ElevatorLevel to /Game/FirstPersonBP/Maps/UEDPIE_0_ElevatorLevel.ElevatorLevel (0.171954s)
[2015.10.29-19.40.23:706][327]LogInit: XAudio2 using 'Speakers (Realtek High Definition Audio)' : 2 channels at 48 kHz using 32 bits per sample (channel mask 0x3)
[2015.10.29-19.40.23:718][327]LogInit: FAudioDevice initialized.
[2015.10.29-19.40.23:760][327]LogWorld: Game class is 'FirstPersonGameMode_C'
[2015.10.29-19.40.23:773][327]LogWorld: Bringing World /Game/FirstPersonBP/Maps/UEDPIE_0_ElevatorLevel.ElevatorLevel up for play (max tick rate 0) at 2015.10.29-14.40.23
[2015.10.29-19.40.23:773][327]LogActor:Warning: GameSession /Game/FirstPersonBP/Maps/UEDPIE_0_ElevatorLevel.ElevatorLevel:PersistentLevel.GameSession_1 has natively added scene component(s), but none of them were set as the actor's RootComponent - picking one arbitrarily
[2015.10.29-19.40.23:773][327]LogActor:Warning: GameNetworkManager /Game/FirstPersonBP/Maps/UEDPIE_0_ElevatorLevel.ElevatorLevel:PersistentLevel.GameNetworkManager_1 has natively added scene component(s), but none of them were set as the actor's RootComponent - picking one arbitrarily
[2015.10.29-19.40.23:774][327]LogWorld: Bringing up level for play took: 0.011901
[2015.10.29-19.40.23:788][327]PIE: Info Play in editor start time for /Game/FirstPersonBP/Maps/UEDPIE_0_ElevatorLevel -0.338
[2015.10.29-19.40.47:298][321]LogBlueprintUserMessages: You've called the elevator!
[2015.10.29-19.40.53:117][569]LogParticles: Destroying 0 GPU particle simulations for FXSystem 0x000000610B89B4C0
[2015.10.29-19.41.00:643][925]LogD3D11RHI: InitD3DDevice
[2015.10.29-19.41.09:835][504]LogD3D11RHI: InitD3DDevice
[2015.10.29-19.41.36:160][797]LogD3D11RHI: InitD3DDevice
[2015.10.29-19.41.56:166][902]LogD3D11RHI: InitD3DDevice
[2015.10.29-19.41.59:212][ 74]LogD3D11RHI: InitD3DDevice
[2015.10.29-19.42.05:613][405]LogD3D11RHI: InitD3DDevice
[2015.10.29-19.43.21:026][238]BlueprintLog: New page: Compile 3DWidget_FloorNum
[2015.10.29-19.43.21:140][238]LogActorComponent: UnregisterComponent: (/Engine/Transient.ProjectileMovementComponent_40__A6522401) Not registered. Aborting.
[2015.10.29-19.43.21:247][238]BlueprintEditorCompileResults: Info [2138.46] Compile of 3DWidget_FloorNum successful! [in 221 ms]
[2015.10.29-19.43.23:296][345]BlueprintLog: New page: Pre-PIE auto-recompile
[2015.10.29-19.43.23:311][345]LogPlayLevel: [PIE] Compiling ElevatorLevel before PIE...
[2015.10.29-19.43.23:403][345]LogBlueprint:Warning: [compiler ElevatorLevel] Warning 'Item' is already a 'First Person Character', you don't need  Cast To FirstPersonCharacter .
[2015.10.29-19.43.23:410][345]LogBlueprint:Warning: [compiler ElevatorLevel] Warning [2140.62] Compile of ElevatorLevel successful, but with 1 Warning(s) [in 66 ms]
[2015.10.29-19.43.23:411][345]LogBlueprint:Warning: [compiler ElevatorLevel] Warning [2140.62] Compile of ElevatorLevel successful, but with 2 Warning(s) [in 0 ms]
[2015.10.29-19.43.23:411][345]LogBlueprint:Warning: [compiler ElevatorLevel] Warning [2140.62] Compile of ElevatorLevel successful, but with 3 Warning(s) [in 0 ms]
[2015.10.29-19.43.23:451][345]LogBlueprint:Warning: [compiler ElevatorLevel] Warning [2140.66] Compile of ElevatorLevel successful, but with 4 Warning(s) [in 40 ms]
[2015.10.29-19.43.23:464][345]LogBlueprint:Warning: [compiler ElevatorLevel] Warning [2140.68] Compile of ElevatorLevel successful, but with 5 Warning(s) [in 12 ms]
[2015.10.29-19.43.23:464][345]LogBlueprint:Warning: [compiler ElevatorLevel] Warning [2140.68] Compile of ElevatorLevel successful, but with 6 Warning(s) [in 0 ms]
[2015.10.29-19.43.23:536][345]LogPlayLevel: PIE:  Blueprint regeneration took 239 ms (1 blueprints)
[2015.10.29-19.43.23:536][345]PIE: New page: PIE session: ElevatorLevel (Oct 29, 2015, 9:43:23 AM)
[2015.10.29-19.43.23:537][345]LogPlayLevel: Creating play world package: /Game/FirstPersonBP/Maps/UEDPIE_0_ElevatorLevel
[2015.10.29-19.43.23:585][345]LogPlayLevel: PIE: StaticDuplicateObject took: (0.048007s)
[2015.10.29-19.43.23:586][345]LogAIModule: Creating AISystem for world ElevatorLevel
[2015.10.29-19.43.23:587][345]LogPlayLevel: PIE: World Init took: (0.002490s)
[2015.10.29-19.43.23:587][345]LogPlayLevel: PIE: Created PIE world by copying editor world from /Game/FirstPersonBP/Maps/ElevatorLevel.ElevatorLevel to /Game/FirstPersonBP/Maps/UEDPIE_0_ElevatorLevel.ElevatorLevel (0.050753s)
[2015.10.29-19.43.23:654][345]LogInit: XAudio2 using 'Speakers (Realtek High Definition Audio)' : 2 channels at 48 kHz using 32 bits per sample (channel mask 0x3)
[2015.10.29-19.43.23:664][345]LogInit: FAudioDevice initialized.
[2015.10.29-19.43.23:702][345]LogWorld: Game class is 'FirstPersonGameMode_C'
[2015.10.29-19.43.23:714][345]LogWorld: Bringing World /Game/FirstPersonBP/Maps/UEDPIE_0_ElevatorLevel.ElevatorLevel up for play (max tick rate 0) at 2015.10.29-14.43.23
[2015.10.29-19.43.23:714][345]LogActor:Warning: GameSession /Game/FirstPersonBP/Maps/UEDPIE_0_ElevatorLevel.ElevatorLevel:PersistentLevel.GameSession_2 has natively added scene component(s), but none of them were set as the actor's RootComponent - picking one arbitrarily
[2015.10.29-19.43.23:715][345]LogActor:Warning: GameNetworkManager /Game/FirstPersonBP/Maps/UEDPIE_0_ElevatorLevel.ElevatorLevel:PersistentLevel.GameNetworkManager_2 has natively added scene component(s), but none of them were set as the actor's RootComponent - picking one arbitrarily
[2015.10.29-19.43.23:715][345]LogWorld: Bringing up level for play took: 0.011383
[2015.10.29-19.43.23:719][345]PIE: Info Play in editor start time for /Game/FirstPersonBP/Maps/UEDPIE_0_ElevatorLevel -0.407
[2015.10.29-19.43.31:896][773]LogParticles: Destroying 0 GPU particle simulations for FXSystem 0x0000006105A87920
[2015.10.29-19.43.35:209][949]LogD3D11RHI: InitD3DDevice
[2015.10.29-19.43.37:912][ 89]LogD3D11RHI: InitD3DDevice
[2015.10.29-19.43.43:966][399]Cmd: TRANSACTION UNDO
[2015.10.29-19.43.43:974][399]LogEditorTransaction: Undo Edit Background Color
[2015.10.29-19.43.44:098][399]LogD3D11RHI: InitD3DDevice
[2015.10.29-19.43.49:568][728]LogD3D11RHI: InitD3DDevice
[2015.10.29-19.43.55:750][ 52]LogD3D11RHI: InitD3DDevice
[2015.10.29-19.43.59:511][268]LogD3D11RHI: InitD3DDevice
[2015.10.29-19.44.00:487][324]LogD3D11RHI: InitD3DDevice
[2015.10.29-19.44.10:878][929]LogD3D11RHI: InitD3DDevice
[2015.10.29-19.45.14:131][774]LogD3D11RHI: InitD3DDevice
[2015.10.29-19.45.43:806][431]BlueprintLog: New page: Compile 3DWidget_FloorNum
[2015.10.29-19.45.43:986][431]BlueprintEditorCompileResults: Info [2281.20] Compile of 3DWidget_FloorNum successful! [in 180 ms]
[2015.10.29-19.45.56:202][ 86]LogD3D11RHI: InitD3DDevice
[2015.10.29-19.45.57:538][158]LogD3D11RHI: InitD3DDevice
[2015.10.29-19.45.57:636][158]LogD3D11RHI: InitD3DDevice
[2015.10.29-19.46.17:568][237]LogD3D11RHI: InitD3DDevice
[2015.10.29-19.48.39:488][ 30]LogD3D11RHI: InitD3DDevice
[2015.10.29-19.48.52:775][712]LogD3D11RHI: InitD3DDevice
[2015.10.29-19.48.58:385][ 40]BlueprintLog: New page: Compile FirstPersonCharacter
[2015.10.29-19.48.58:452][ 40]LogBlueprint:Error: [compiler FirstPersonCharacter] Error Variable node  Get FirstPersonCamera  uses an invalid target.  It may depend on a node that is not connected to the execution chain, and got purged.
[2015.10.29-19.48.58:453][ 40]LogBlueprint:Error: [compiler FirstPersonCharacter] Error The current value of the ' Object Types ' pin is invalid: Array inputs (like 'Object Types') must have an input wired into them (try connecting a MakeArray node).
[2015.10.29-19.48.58:556][ 40]LogBlueprint:Warning: [compiler ElevatorLevel] Warning 'Item' is already a 'First Person Character', you don't need  Cast To FirstPersonCharacter .
[2015.10.29-19.48.58:682][ 40]LogBlueprint:Warning: [compiler Menu] Warning 'Item' is already a 'First Person Character', you don't need  Cast To FirstPersonCharacter .
[2015.10.29-19.48.58:761][ 40]LogBlueprint:Warning: [compiler CallButton] Warning 'Item' is already a 'First Person Character', you don't need  Cast To FirstPersonCharacter .
[2015.10.29-19.48.59:116][ 40]LogBlueprint:Warning: [compiler FirstPersonCharacter] Warning [2476.33] Compile of FirstPersonCharacter failed. 2 Fatal Issue(s) 0 Warning(s) [in 731 ms]
[2015.10.29-19.48.59:116][ 40]BlueprintEditorCompileResults:Error: Error Variable node  Get FirstPersonCamera  uses an invalid target.  It may depend on a node that is not connected to the execution chain, and got purged.
[2015.10.29-19.48.59:116][ 40]BlueprintEditorCompileResults:Error: Error The current value of the ' Object Types ' pin is invalid: Array inputs (like 'Object Types') must have an input wired into them (try connecting a MakeArray node).
[2015.10.29-19.48.59:116][ 40]BlueprintEditorCompileResults:Warning: Warning [2476.33] Compile of FirstPersonCharacter failed. 2 Fatal Issue(s) 0 Warning(s) [in 731 ms]
[2015.10.29-19.49.38:074][454]LogD3D11RHI: InitD3DDevice
[2015.10.29-19.49.48:967][ 52]LogD3D11RHI: InitD3DDevice
[2015.10.29-19.49.51:470][191]LogD3D11RHI: InitD3DDevice
[2015.10.29-19.50.07:145][152]BlueprintLog: New page: Compile FirstPersonCharacter
[2015.10.29-19.50.07:213][152]LogBlueprint:Error: [compiler FirstPersonCharacter] Error Variable node  Get FirstPersonCamera  uses an invalid target.  It may depend on a node that is not connected to the execution chain, and got purged.
[2015.10.29-19.50.07:253][152]LogBlueprint:Warning: [compiler Menu] Warning 'Item' is already a 'First Person Character', you don't need  Cast To FirstPersonCharacter .
[2015.10.29-19.50.07:334][152]LogBlueprint:Warning: [compiler CallButton] Warning 'Item' is already a 'First Person Character', you don't need  Cast To FirstPersonCharacter .
[2015.10.29-19.50.07:406][152]LogBlueprint:Warning: [compiler ElevatorLevel] Warning 'Item' is already a 'First Person Character', you don't need  Cast To FirstPersonCharacter .
[2015.10.29-19.50.07:651][152]LogActorComponent: UnregisterComponent: (/Engine/Transient.ProjectileMovementComponent_40__A6522401) Not registered. Aborting.
[2015.10.29-19.50.07:707][152]LogCrashTracker: 


[2015.10.29-19.51.42:039][152]LogCrashTracker: 


[2015.10.29-19.51.42:167][152]LogWindows: === Critical error: ===
Fatal error!

Unhandled Exception: EXCEPTION_ACCESS_VIOLATION reading address 0xffffffff

UE4Editor-Core.dll!scalable_msize() {0x00007ff83263765c} + 7 bytes [d:\perforce\pitbull-tburnsvs2013\ue4\engine\source\thirdparty
UE4Editor-Core.dll!FMallocTBB::Free() {0x00007ff832340ff5} + 11 bytes [d:\buildfarm\buildmachine_++depot+ue4-releases+4.8\engine\sou
UE4Editor-CoreUObject.dll!TProperty<FString,UProperty>::DestroyValueInternal() {0x00007ff8448d7902} + 18 bytes [d:\buildfarm\buildmachine_++depot+ue4-releases+4.8\engine\sou
UE4Editor-Engine.dll!UBlueprintGeneratedClass::DestroyPersistentUberGraphFrame() {0x00007ff834d65ad6} + 0 bytes [d:\buildfarm\buildmachine_++depot+ue4-releases+4.8\engine\sou
UE4Editor-CoreUObject.dll!UObject::DestroyNonNativeProperties() {0x00007ff8448d6e7d} + 0 bytes [d:\buildfarm\buildmachine_++depot+ue4-releases+4.8\engine\sou
UE4Editor-CoreUObject.dll!UObject::FinishDestroy() {0x00007ff844991c0a} + 0 bytes [d:\buildfarm\buildmachine_++depot+ue4-releases+4.8\engine\sou
UE4Editor-CoreUObject.dll!UObject::ConditionalFinishDestroy() {0x00007ff8449795f4} + 0 bytes [d:\buildfarm\buildmachine_++depot+ue4-releases+4.8\engine\sou
UE4Editor-CoreUObject.dll!IncrementalPurgeGarbage() {0x00007ff8449a4a4a} + 0 bytes [d:\buildfarm\buildmachine_++depot+ue4-releases+4.8\engine\sou
UE4Editor-CoreUObject.dll!CollectGarbageInternal() {0x00007ff844978d4d} + 0 bytes [d:\buildfarm\buildmachine_++depot+ue4-releases+4.8\engine\sou
UE4Editor-CoreUObject.dll!CollectGarbage() {0x00007ff844978315} + 0 bytes [d:\buildfarm\buildmachine_++depot+ue4-releases+4.8\engine\sou
UE4Editor-UnrealEd.dll!FKismetEditorUtilities::CompileBlueprint() {0x00007ff8431f0322} + 31 bytes [d:\buildfarm\buildmachine_++depot+ue4-releases+4.8\engine\sou
UE4Editor-Kismet.dll!FBlueprintEditor::Compile() {0x00007ff833f2c4d6} + 0 bytes [d:\buildfarm\buildmachine_++depot+ue4-releases+4.8\engine\sou
UE4Editor-Kismet.dll!TBaseSPMethodDelegateInstance<0,FBlueprintEditor,0,TTypeWrapper<void> __cdecl(void)>::Execute() {0x00007ff833f6eb11} + 32 bytes [d:\buildfarm\buildmachine_++depot+ue4-releases+4.8\engine\sou
UE4Editor-Kismet.dll!TBaseSPMethodDelegateInstance<0,FBlueprintEditor,0,void __cdecl(void)>::ExecuteIfSafe() {0x00007ff833f72356} + 8 bytes [d:\buildfarm\buildmachine_++depot+ue4-releases+4.8\engine\sou
UE4Editor-Slate.dll!FUICommandList::ExecuteAction() {0x00007ff844263ba6} + 60 bytes [d:\buildfarm\buildmachine_++depot+ue4-releases+4.8\engine\sou
UE4Editor-Slate.dll!SToolBarButtonBlock::OnClicked() {0x00007ff844369d57} + 0 bytes [d:\buildfarm\buildmachine_++depot+ue4-releases+4.8\engine\sou
UE4Editor-Slate.dll!TMemberFunctionCaller<SToolBarButtonBlock,FReply (__cdecl SToolBarButtonBlock::*)(void) __ptr64>::operator()<>() {0x00007ff8442e1737} + 16 bytes [d:\buildfarm\buildmachine_++depot+ue4-releases+4.8\engine\sou
UE4Editor-Slate.dll!TTupleImpl<TIntegerSequence<> >::ApplyAfter_ExplicitReturnType<FReply,TMemberFunctionCaller<SToolBarButtonBlock,FReply (__cdecl SToolBarButtonBlock::*)(void) __ptr64> >() {0x00007ff8442e2bc9} + 19 bytes [d:\buildfarm\buildmachine_++depot+ue4-releases+4.8\engine\sou
UE4Editor-Slate.dll!TBaseSPMethodDelegateInstance<0,SToolBarButtonBlock,0,FReply __cdecl(void)>::Execute() {0x00007ff84434d459} + 36 bytes [d:\buildfarm\buildmachine_++depot+ue4-releases+4.8\engine\sou
UE4Editor-Slate.dll!TBaseDelegate<FReply>::Execute() {0x00007ff844400c7a} + 6 bytes [d:\buildfarm\buildmachine_++depot+ue4-releases+4.8\engine\sou
UE4Editor-Slate.dll!SButton::OnMouseButtonUp() {0x00007ff84442f88f} + 17 bytes [d:\buildfarm\buildmachine_++depot+ue4-releases+4.8\engine\sou
UE4Editor-Slate.dll!<lambda_de96dc3471181973108233c6db1f9843>::operator()() {0x00007ff844234ccc} + 24 bytes [d:\buildfarm\buildmachine_++depot+ue4-releases+4.8\engine\sou
UE4Editor-Slate.dll!FEventRouter::Route<FReply,FEventRouter::FToLeafmostPolicy,FPointerEvent,<lambda_de96dc3471181973108233c6db1f9843> >() {0x00007ff8441ed167} + 21 bytes [d:\buildfarm\buildmachine_++depot+ue4-releases+4.8\engine\sou
UE4Editor-Slate.dll!FSlateApplication::ProcessMouseButtonUpEvent() {0x00007ff8442a8617} + 78 bytes [d:\buildfarm\buildmachine_++depot+ue4-releases+4.8\engine\sou
UE4Editor-Slate.dll!FSlateApplication::OnMouseUp() {0x00007ff844295d84} + 16 bytes [d:\buildfarm\buildmachine_++depot+ue4-releases+4.8\engine\sou
UE4Editor-Core.dll!FWindowsApplication::ProcessDeferredMessage() {0x00007ff83261d7ad} + 12 bytes [d:\buildfarm\buildmachine_++depot+ue4-releases+4.8\engine\sou
UE4Editor-Core.dll!FWindowsApplication::DeferMessage() {0x00007ff8326049d1} + 74 bytes [d:\buildfarm\buildmachine_++depot+ue4-releases+4.8\engine\sou
UE4Editor-Core.dll!FWindowsApplication::ProcessMessage() {0x00007ff83261edc3} + 44 bytes [d:\buildfarm\buildmachine_++depot+ue4-releases+4.8\engine\sou
UE4Editor-Core.dll!FWindowsApplication::AppWndProc() {0x00007ff8325fe5ba} + 0 bytes [d:\buildfarm\buildmachine_++depot+ue4-releases+4.8\engine\sou
USER32.dll {0x00007ff8590100dc} + 0 bytes
USER32.dll {0x00007ff85900fc07} + 0 bytes
UE4Editor-Core.dll!FWindowsPlatformMisc::PumpMessages() {0x00007ff832620186} + 48 bytes [d:\buildfarm\buildmachine_++depot+ue4-releases+4.8\engine\sou
UE4Editor.exe!FEngineLoop::Tick() {0x00007ff70af43c7a} + 8 bytes [d:\buildfarm\buildmachine_++depot+ue4-releases+4.8\engine\sou
UE4Editor.exe!GuardedMain() {0x00007ff70af349cc} + 0 bytes [d:\buildfarm\buildmachine_++depot+ue4-releases+4.8\engine\sou
UE4Editor.exe!GuardedMainWrapper() {0x00007ff70af34a4a} + 5 bytes [d:\buildfarm\buildmachine_++depot+ue4-releases+4.8\engine\sou
UE4Editor.exe!WinMain() {0x00007ff70af465c9} + 17 bytes [d:\buildfarm\buildmachine_++depot+ue4-releases+4.8\engine\sou
UE4Editor.exe!__tmainCRTStartup() {0x00007ff70af475d9} + 21 bytes [f:\dd\vctools\crt\crtw32\dllstuff\crtexe.c:618]
KERNEL32.DLL {0x00007ff85b012d92} + 0 bytes
ntdll.dll {0x00007ff85b639f64} + 0 bytes
ntdll.dll {0x00007ff85b639f64} + 0 bytes

